--------
hostname
--------
webonise-Desktop


----------
OS Version
----------
x86_64
Description:	Ubuntu 14.04.1 LTS

------------
Path to Home
------------
/home/webonise

---------------
Logged In Users
---------------
webonise webonise

------
Groups
------
webonise adm cdrom sudo dip plugdev lpadmin sambashare

-------------
List of Files
-------------
examples.desktop
text1
text2
text3
text4
text5

1.sh
2-4.sh
5-7.sh
assignment.log
README.md



assignment(1).log
assignment.log
google-chrome-stable_current_amd64.deb
linux-assignment.pdf
skype-debian_4.3.0.37-1_i386.deb

1.sh
1.sh~
2.sh
2.sh~
a1.sh
a.sh
assignment.log
d.c
lsb_release








text2.txt --->>> Tue-Apr--5-18:20:38-IST-2016-text2.txt

text1.txt --->>> Tue-Apr--5-18:20:38-IST-2016-text1.txt

text5.txt --->>> Tue-Apr--5-18:20:38-IST-2016-text5.txt

text4.txt --->>> Tue-Apr--5-18:20:38-IST-2016-text4.txt

text3.txt --->>> Tue-Apr--5-18:20:38-IST-2016-text3.txt

Moved a to ../public_html/a
Moved b to ../public_html/b
Moved c to ../public_html/c
Moved d to ../public_html/d
